Determining if the pthread_create exist failed with the following output:
Change Dir: /home/mingrui/Mingrui/SLAMProject/stereo_vo/build/CMakeFiles/CMakeTmp

Run Build Command:"/usr/bin/make" "cmTC_f5674/fast"
/usr/bin/make -f CMakeFiles/cmTC_f5674.dir/build.make CMakeFiles/cmTC_f5674.dir/build
make[1]: 进入目录“/home/mingrui/Mingrui/SLAMProject/stereo_vo/build/CMakeFiles/CMakeTmp”
Building C object CMakeFiles/cmTC_f5674.dir/CheckSymbolExists.c.o
/usr/bin/gcc-7    -o CMakeFiles/cmTC_f5674.dir/CheckSymbolExists.c.o   -c /home/mingrui/Mingrui/SLAMProject/stereo_vo/build/CMakeFiles/CMakeTmp/CheckSymbolExists.c
Linking C executable cmTC_f5674
/usr/bin/cmake -E cmake_link_script CMakeFiles/cmTC_f5674.dir/link.txt --verbose=1
/usr/bin/gcc-7      -rdynamic CMakeFiles/cmTC_f5674.dir/CheckSymbolExists.c.o  -o cmTC_f5674 
CMakeFiles/cmTC_f5674.dir/CheckSymbolExists.c.o：在函数‘main’中：
CheckSymbolExists.c:(.text+0x1b)：对‘pthread_create’未定义的引用
collect2: error: ld returned 1 exit status
CMakeFiles/cmTC_f5674.dir/build.make:97: recipe for target 'cmTC_f5674' failed
make[1]: *** [cmTC_f5674] Error 1
make[1]: 离开目录“/home/mingrui/Mingrui/SLAMProject/stereo_vo/build/CMakeFiles/CMakeTmp”
Makefile:126: recipe for target 'cmTC_f5674/fast' failed
make: *** [cmTC_f5674/fast] Error 2

File /home/mingrui/Mingrui/SLAMProject/stereo_vo/build/CMakeFiles/CMakeTmp/CheckSymbolExists.c:
/* */
#include <pthread.h>

int main(int argc, char** argv)
{
  (void)argv;
#ifndef pthread_create
  return ((int*)(&pthread_create))[argc];
#else
  (void)argc;
  return 0;
#endif
}

Determining if the function pthread_create exists in the pthreads failed with the following output:
Change Dir: /home/mingrui/Mingrui/SLAMProject/stereo_vo/build/CMakeFiles/CMakeTmp

Run Build Command:"/usr/bin/make" "cmTC_ea2a5/fast"
/usr/bin/make -f CMakeFiles/cmTC_ea2a5.dir/build.make CMakeFiles/cmTC_ea2a5.dir/build
make[1]: 进入目录“/home/mingrui/Mingrui/SLAMProject/stereo_vo/build/CMakeFiles/CMakeTmp”
Building C object CMakeFiles/cmTC_ea2a5.dir/CheckFunctionExists.c.o
/usr/bin/gcc-7   -DCHECK_FUNCTION_EXISTS=pthread_create   -o CMakeFiles/cmTC_ea2a5.dir/CheckFunctionExists.c.o   -c /usr/share/cmake-3.10/Modules/CheckFunctionExists.c
Linking C executable cmTC_ea2a5
/usr/bin/cmake -E cmake_link_script CMakeFiles/cmTC_ea2a5.dir/link.txt --verbose=1
/usr/bin/gcc-7  -DCHECK_FUNCTION_EXISTS=pthread_create    -rdynamic CMakeFiles/cmTC_ea2a5.dir/CheckFunctionExists.c.o  -o cmTC_ea2a5 -lpthreads 
/usr/bin/ld: 找不到 -lpthreads
collect2: error: ld returned 1 exit status
CMakeFiles/cmTC_ea2a5.dir/build.make:97: recipe for target 'cmTC_ea2a5' failed
make[1]: *** [cmTC_ea2a5] Error 1
make[1]: 离开目录“/home/mingrui/Mingrui/SLAMProject/stereo_vo/build/CMakeFiles/CMakeTmp”
Makefile:126: recipe for target 'cmTC_ea2a5/fast' failed
make: *** [cmTC_ea2a5/fast] Error 2


